app/build/outputs/logs/manifest-merger-debug-report.txt
-- Merging decision tree log ---
manifest
ADDED from src/main/AndroidManifest.xml:2:1-27:12
	package
		ADDED from src/main/AndroidManifest.xml:2:70-102
		INJECTED from src/main/AndroidManifest.xml
		INJECTED from src/main/AndroidManifest.xml
	android:versionName
		ADDED from src/main/AndroidManifest.xml:2:103-128
		INJECTED from src/main/AndroidManifest.xml
		INJECTED from src/main/AndroidManifest.xml
	android:versionCode
		ADDED from src/main/AndroidManifest.xml:2:129-152
		INJECTED from src/main/AndroidManifest.xml
		INJECTED from src/main/AndroidManifest.xml
	xmlns:android
		ADDED from src/main/AndroidManifest.xml:2:11-69
	android:installLocation
		ADDED from src/main/AndroidManifest.xml:2:153-193
uses-feature#android.hardware.type.watch
ADDED from src/main/AndroidManifest.xml:3:3-62
	android:name
		ADDED from src/main/AndroidManifest.xml:3:17-59
supports-screens
ADDED from src/main/AndroidManifest.xml:4:3-163
	android:largeScreens
		ADDED from src/main/AndroidManifest.xml:4:78-105
	android:smallScreens
		ADDED from src/main/AndroidManifest.xml:4:21-48
	android:normalScreens
		ADDED from src/main/AndroidManifest.xml:4:49-77
	android:xlargeScreens
		ADDED from src/main/AndroidManifest.xml:4:106-134
	android:anyDensity
		ADDED from src/main/AndroidManifest.xml:4:135-160
application
ADDED from src/main/AndroidManifest.xml:5:3-18:17
	android:label
		ADDED from src/main/AndroidManifest.xml:5:109-141
	android:debuggable
		ADDED from src/main/AndroidManifest.xml:5:142-168
	android:icon
		ADDED from src/main/AndroidManifest.xml:5:75-108
	android:banner
		ADDED from src/main/AndroidManifest.xml:5:191-228
	android:theme
		ADDED from src/main/AndroidManifest.xml:5:16-74
	android:isGame
		ADDED from src/main/AndroidManifest.xml:5:169-190
activity#com.Antron.AutismTutor.UnityPlayerActivity
ADDED from src/main/AndroidManifest.xml:6:5-17:16
	android:screenOrientation
		ADDED from src/main/AndroidManifest.xml:6:48-84
	android:label
		ADDED from src/main/AndroidManifest.xml:6:15-47
	android:launchMode
		ADDED from src/main/AndroidManifest.xml:7:9-40
	android:configChanges
		ADDED from src/main/AndroidManifest.xml:8:9-166
	android:theme
		ADDED from src/main/AndroidManifest.xml:9:9-37
	android:name
		ADDED from src/main/AndroidManifest.xml:10:9-66
intent-filter#android.intent.action.MAIN+android.intent.category.LAUNCHER+android.intent.category.LEANBACK_LAUNCHER
ADDED from src/main/AndroidManifest.xml:11:7-15:23
action#android.intent.action.MAIN
ADDED from src/main/AndroidManifest.xml:12:9-61
	android:name
		ADDED from src/main/AndroidManifest.xml:12:17-58
category#android.intent.category.LAUNCHER
ADDED from src/main/AndroidManifest.xml:13:9-69
	android:name
		ADDED from src/main/AndroidManifest.xml:13:19-66
category#android.intent.category.LEANBACK_LAUNCHER
ADDED from src/main/AndroidManifest.xml:14:9-78
	android:name
		ADDED from src/main/AndroidManifest.xml:14:19-75
meta-data#unityplayer.UnityActivity
ADDED from src/main/AndroidManifest.xml:16:7-82
	android:value
		ADDED from src/main/AndroidManifest.xml:16:59-79
	android:name
		ADDED from src/main/AndroidManifest.xml:16:18-58
uses-sdk
ADDED from src/main/AndroidManifest.xml:19:3-72
	android:targetSdkVersion
		ADDED from src/main/AndroidManifest.xml:19:40-69
		INJECTED from src/main/AndroidManifest.xml
		INJECTED from src/main/AndroidManifest.xml
	android:minSdkVersion
		ADDED from src/main/AndroidManifest.xml:19:13-39
		INJECTED from src/main/AndroidManifest.xml
		INJECTED from src/main/AndroidManifest.xml
uses-feature#0x00020000
ADDED from src/main/AndroidManifest.xml:20:3-52
	android:glEsVersion
		ADDED from src/main/AndroidManifest.xml:20:17-49
uses-permission#android.permission.INTERNET
ADDED from src/main/AndroidManifest.xml:21:3-65
	android:name
		ADDED from src/main/AndroidManifest.xml:21:20-62
uses-permission#android.permission.VIBRATE
ADDED from src/main/AndroidManifest.xml:22:3-64
	android:name
		ADDED from src/main/AndroidManifest.xml:22:20-61
uses-permission#android.permission.WRITE_EXTERNAL_STORAGE
ADDED from src/main/AndroidManifest.xml:23:3-79
	android:name
		ADDED from src/main/AndroidManifest.xml:23:20-76
uses-feature#android.hardware.touchscreen
ADDED from src/main/AndroidManifest.xml:24:3-88
	android:required
		ADDED from src/main/AndroidManifest.xml:24:61-85
	android:name
		ADDED from src/main/AndroidManifest.xml:24:17-60
uses-feature#android.hardware.touchscreen.multitouch
ADDED from src/main/AndroidManifest.xml:25:3-99
	android:required
		ADDED from src/main/AndroidManifest.xml:25:72-96
	android:name
		ADDED from src/main/AndroidManifest.xml:25:17-71
uses-feature#android.hardware.touchscreen.multitouch.distinct
ADDED from src/main/AndroidManifest.xml:26:3-108
	android:required
		ADDED from src/main/AndroidManifest.xml:26:81-105
	android:name
		ADDED from src/main/AndroidManifest.xml:26:17-80